unwind-dw2-fde.c     __register_frame_info begin=4024904 ob=4030c88
unwind-dw2-fde.c     __register_frame_info_bases begin=4024904 ob=4030c88 tbase=0 dbase=0
unwind-dw2-fde.c     __register_frame_info begin=60119f0c ob=6014c958
unwind-dw2-fde.c     __register_frame_info_bases begin=60119f0c ob=6014c958 tbase=0 dbase=0
unwind-dw2-fde.c     __register_frame_info begin=10011784 ob=10011c88
unwind-dw2-fde.c     __register_frame_info_bases begin=10011784 ob=10011c88 tbase=0 dbase=0
EXE Starting main
EXE Before try
EXE Before doe construct
EXE destrobj create
EXE Before somefunc call
EXE somefunc enter
EXE somefunc about to throw
eh_throw.cc          __cxa_throw called
unwind.inc           _Unwind_RaiseException called
unwind.inc           _Unwind_RaiseException init context
unwind-dw2.c         uw_frame_state_for called context=7ffd7980 fs=7ffd5d30
unwind-dw2-fde.c     _Unwind_Find_FDE called pc=4010d67 bases=7ffd7c80
unwind-dw2-fde.c     _Unwind_Find_FDE returning with f=4024b90
unwind-dw2.c         uw_frame_state_for completed
unwind.inc           _Unwind_RaiseException phase 1 begin
unwind.inc           _Unwind_RaiseException search_iter=0
unwind-dw2.c         uw_frame_state_for called context=7ffd7598 fs=7ffd6980
unwind-dw2-fde.c     _Unwind_Find_FDE called pc=60034577 bases=7ffd7898
unwind-dw2-fde.c     _Unwind_Find_FDE returning with f=6011af5c
unwind-dw2.c         uw_frame_state_for completed
unwind.inc           _Unwind_RaiseException search_iter=0 updating context
unwind.inc           _Unwind_RaiseException search_iter=1
unwind-dw2.c         uw_frame_state_for called context=7ffd7598 fs=7ffd6980
unwind-dw2-fde.c     _Unwind_Find_FDE called pc=10000f17 bases=7ffd7898
unwind-dw2-fde.c     _Unwind_Find_FDE returning with f=10011824
unwind-dw2.c         uw_frame_state_for completed
unwind.inc           _Unwind_RaiseException search_iter=1 updating context
